2023-04-03 00:19:23.367068 - Initialized conversion of CBT445
2023-04-03 00:19:24.237544 - Received CBT.V504.FILE445.PDS from FILE445.XMI 
2023-04-03 00:19:24.240269 - Found $$$#DATE.txt (text/plain) in CBT.V504.FILE445.PDS, moved to PDS/$$$#DATE
2023-04-03 00:19:24.241318 - Found $BUGS.txt (text/plain) in CBT.V504.FILE445.PDS, moved to PDS/$BUGS
2023-04-03 00:19:24.242369 - Found $CLIST.txt (text/plain) in CBT.V504.FILE445.PDS, moved to PDS/$CLIST
2023-04-03 00:19:24.243331 - Found $CLIST2.txt (text/plain) in CBT.V504.FILE445.PDS, moved to PDS/$CLIST2
2023-04-03 00:19:24.244304 - Found $DESC.txt (text/plain) in CBT.V504.FILE445.PDS, moved to PDS/$DESC
2023-04-03 00:19:24.245269 - Found $DISAS.jcl (text/plain) in CBT.V504.FILE445.PDS, moved to PDS/$DISAS
2023-04-03 00:19:24.246180 - Found $DISCLA.txt (text/plain) in CBT.V504.FILE445.PDS, moved to PDS/$DISCLA
2023-04-03 00:19:24.247123 - Found $DISYM.jcl (text/plain) in CBT.V504.FILE445.PDS, moved to PDS/$DISYM
2023-04-03 00:19:24.248130 - Found $HISTORY.txt (text/plain) in CBT.V504.FILE445.PDS, moved to PDS/$HISTORY
2023-04-03 00:19:24.249113 - Found $INST.jcl (text/plain) in CBT.V504.FILE445.PDS, moved to PDS/$INST
2023-04-03 00:19:24.250037 - Found $NOTES.txt (text/plain) in CBT.V504.FILE445.PDS, moved to PDS/$NOTES
2023-04-03 00:19:24.251113 - Found $SOURCEI.jcl (text/plain) in CBT.V504.FILE445.PDS, moved to PDS/$SOURCEI
2023-04-03 00:19:24.252234 - Found $SOURCER.jcl (text/plain) in CBT.V504.FILE445.PDS, moved to PDS/$SOURCER
2023-04-03 00:19:24.253209 - Found $TEST.jcl (text/plain) in CBT.V504.FILE445.PDS, moved to PDS/$TEST
2023-04-03 00:19:24.254312 - Found @FILE445.txt (text/plain) in CBT.V504.FILE445.PDS, moved to PDS/@FILE445
2023-04-03 00:19:24.255327 - Found ADDR.txt (text/plain) in CBT.V504.FILE445.PDS, moved to PDS/ADDR
2023-04-03 00:19:24.256663 - Found ARL.txt (text/plain) in CBT.V504.FILE445.PDS, moved to PDS/ARL
2023-04-03 00:19:24.257713 - Found ART.txt (text/plain) in CBT.V504.FILE445.PDS, moved to PDS/ART
2023-04-03 00:19:24.258837 - Found AXN.txt (text/plain) in CBT.V504.FILE445.PDS, moved to PDS/AXN
2023-04-03 00:19:24.259884 - Found AXNTAB.txt (text/plain) in CBT.V504.FILE445.PDS, moved to PDS/AXNTAB
2023-04-03 00:19:24.260918 - Found BCV.txt (text/plain) in CBT.V504.FILE445.PDS, moved to PDS/BCV
2023-04-03 00:19:24.261878 - Found BSC.txt (text/plain) in CBT.V504.FILE445.PDS, moved to PDS/BSC
2023-04-03 00:19:24.262837 - Found CALLS.txt (text/plain) in CBT.V504.FILE445.PDS, moved to PDS/CALLS
2023-04-03 00:19:24.263883 - Found CDN.txt (text/plain) in CBT.V504.FILE445.PDS, moved to PDS/CDN
2023-04-03 00:19:24.264895 - Found CONST.txt (text/plain) in CBT.V504.FILE445.PDS, moved to PDS/CONST
2023-04-03 00:19:24.265836 - Found COTR.txt (text/plain) in CBT.V504.FILE445.PDS, moved to PDS/COTR
2023-04-03 00:19:24.266813 - Found COUNT.txt (text/plain) in CBT.V504.FILE445.PDS, moved to PDS/COUNT
2023-04-03 00:19:24.267789 - Found CRLD.txt (text/plain) in CBT.V504.FILE445.PDS, moved to PDS/CRLD
2023-04-03 00:19:24.268897 - Found CXN.txt (text/plain) in CBT.V504.FILE445.PDS, moved to PDS/CXN
2023-04-03 00:19:24.269863 - Found DECO.txt (text/plain) in CBT.V504.FILE445.PDS, moved to PDS/DECO
2023-04-03 00:19:24.269873 - Found DELINK0.bin containing application/octet-stream, moved to PDS/DELINK0
2023-04-03 00:19:24.271901 - Found DISINF.txt (text/plain) in CBT.V504.FILE445.PDS, moved to PDS/DISINF
2023-04-03 00:19:24.272839 - Found DISSYM.txt (text/plain) in CBT.V504.FILE445.PDS, moved to PDS/DISSYM
2023-04-03 00:19:24.273857 - Found DISYM.txt (text/plain) in CBT.V504.FILE445.PDS, moved to PDS/DISYM
2023-04-03 00:19:24.274813 - Found DS.txt (text/plain) in CBT.V504.FILE445.PDS, moved to PDS/DS
2023-04-03 00:19:24.275886 - Found ENTER.txt (text/plain) in CBT.V504.FILE445.PDS, moved to PDS/ENTER
2023-04-03 00:19:24.276946 - Found ENTRYMAP.txt (text/plain) in CBT.V504.FILE445.PDS, moved to PDS/ENTRYMAP
2023-04-03 00:19:24.277993 - Found ESD.txt (text/plain) in CBT.V504.FILE445.PDS, moved to PDS/ESD
2023-04-03 00:19:24.279109 - Found ESDCARD.txt (text/plain) in CBT.V504.FILE445.PDS, moved to PDS/ESDCARD
2023-04-03 00:19:24.280182 - Found ESDITEM.txt (text/plain) in CBT.V504.FILE445.PDS, moved to PDS/ESDITEM
2023-04-03 00:19:24.281201 - Found ESDSDMAP.txt (text/plain) in CBT.V504.FILE445.PDS, moved to PDS/ESDSDMAP
2023-04-03 00:19:24.282186 - Found ESD0.txt (text/plain) in CBT.V504.FILE445.PDS, moved to PDS/ESD0
2023-04-03 00:19:24.283206 - Found ESD1.txt (text/plain) in CBT.V504.FILE445.PDS, moved to PDS/ESD1
2023-04-03 00:19:24.284163 - Found ESD2.txt (text/plain) in CBT.V504.FILE445.PDS, moved to PDS/ESD2
2023-04-03 00:19:24.285144 - Found ESD5.txt (text/plain) in CBT.V504.FILE445.PDS, moved to PDS/ESD5
2023-04-03 00:19:24.286100 - Found EXTRNMAP.txt (text/plain) in CBT.V504.FILE445.PDS, moved to PDS/EXTRNMAP
2023-04-03 00:19:24.287064 - Found FLPT.txt (text/plain) in CBT.V504.FILE445.PDS, moved to PDS/FLPT
2023-04-03 00:19:24.288137 - Found FMTPARMS.txt (text/plain) in CBT.V504.FILE445.PDS, moved to PDS/FMTPARMS
2023-04-03 00:19:24.289354 - Found FTXT.txt (text/plain) in CBT.V504.FILE445.PDS, moved to PDS/FTXT
2023-04-03 00:19:24.290405 - Found FTXTA.txt (text/plain) in CBT.V504.FILE445.PDS, moved to PDS/FTXTA
2023-04-03 00:19:24.291349 - Found FXPT.txt (text/plain) in CBT.V504.FILE445.PDS, moved to PDS/FXPT
2023-04-03 00:19:24.292403 - Found GENCARD.txt (text/plain) in CBT.V504.FILE445.PDS, moved to PDS/GENCARD
2023-04-03 00:19:24.293453 - Found INFO.txt (text/plain) in CBT.V504.FILE445.PDS, moved to PDS/INFO
2023-04-03 00:19:24.294428 - Found LABELMAP.txt (text/plain) in CBT.V504.FILE445.PDS, moved to PDS/LABELMAP
2023-04-03 00:19:24.295376 - Found LEAVE.txt (text/plain) in CBT.V504.FILE445.PDS, moved to PDS/LEAVE
2023-04-03 00:19:24.296488 - Found LSYM.txt (text/plain) in CBT.V504.FILE445.PDS, moved to PDS/LSYM
2023-04-03 00:19:24.297705 - Found MAIN.txt (text/plain) in CBT.V504.FILE445.PDS, moved to PDS/MAIN
2023-04-03 00:19:24.298721 - Found OUTLINE.txt (text/plain) in CBT.V504.FILE445.PDS, moved to PDS/OUTLINE
2023-04-03 00:19:24.299790 - Found PASS0.txt (text/plain) in CBT.V504.FILE445.PDS, moved to PDS/PASS0
2023-04-03 00:19:24.300695 - Found PASS1.txt (text/plain) in CBT.V504.FILE445.PDS, moved to PDS/PASS1
2023-04-03 00:19:24.301574 - Found PASS3.txt (text/plain) in CBT.V504.FILE445.PDS, moved to PDS/PASS3
2023-04-03 00:19:24.302574 - Found PASS4.txt (text/plain) in CBT.V504.FILE445.PDS, moved to PDS/PASS4
2023-04-03 00:19:24.303586 - Found PASS4O.txt (text/plain) in CBT.V504.FILE445.PDS, moved to PDS/PASS4O
2023-04-03 00:19:24.304665 - Found PASS4Z.txt (text/plain) in CBT.V504.FILE445.PDS, moved to PDS/PASS4Z
2023-04-03 00:19:24.305683 - Found PR.txt (text/plain) in CBT.V504.FILE445.PDS, moved to PDS/PR
2023-04-03 00:19:24.306787 - Found PRINTA.txt (text/plain) in CBT.V504.FILE445.PDS, moved to PDS/PRINTA
2023-04-03 00:19:24.307794 - Found PRINTP.txt (text/plain) in CBT.V504.FILE445.PDS, moved to PDS/PRINTP
2023-04-03 00:19:24.308776 - Found PUNCH.txt (text/plain) in CBT.V504.FILE445.PDS, moved to PDS/PUNCH
2023-04-03 00:19:24.309660 - Found READA.txt (text/plain) in CBT.V504.FILE445.PDS, moved to PDS/READA
2023-04-03 00:19:24.310535 - Found REGEQU.txt (text/plain) in CBT.V504.FILE445.PDS, moved to PDS/REGEQU
2023-04-03 00:19:24.311513 - Found RLD.txt (text/plain) in CBT.V504.FILE445.PDS, moved to PDS/RLD
2023-04-03 00:19:24.312617 - Found RLDARRAY.txt (text/plain) in CBT.V504.FILE445.PDS, moved to PDS/RLDARRAY
2023-04-03 00:19:24.313822 - Found RLDITEM.txt (text/plain) in CBT.V504.FILE445.PDS, moved to PDS/RLDITEM
2023-04-03 00:19:24.314941 - Found RLDSORT.txt (text/plain) in CBT.V504.FILE445.PDS, moved to PDS/RLDSORT
2023-04-03 00:19:24.315970 - Found RR.txt (text/plain) in CBT.V504.FILE445.PDS, moved to PDS/RR
2023-04-03 00:19:24.317047 - Found RS.txt (text/plain) in CBT.V504.FILE445.PDS, moved to PDS/RS
2023-04-03 00:19:24.318072 - Found RX.txt (text/plain) in CBT.V504.FILE445.PDS, moved to PDS/RX
2023-04-03 00:19:24.319217 - Found SAVA.txt (text/plain) in CBT.V504.FILE445.PDS, moved to PDS/SAVA
2023-04-03 00:19:24.320239 - Found SI.txt (text/plain) in CBT.V504.FILE445.PDS, moved to PDS/SI
2023-04-03 00:19:24.321120 - Found SORCEREI.txt (text/plain) in CBT.V504.FILE445.PDS, moved to PDS/SORCEREI
2023-04-03 00:19:24.321998 - Found SORCEREM.txt (text/plain) in CBT.V504.FILE445.PDS, moved to PDS/SORCEREM
2023-04-03 00:19:24.322892 - Found SORCERER.txt (text/plain) in CBT.V504.FILE445.PDS, moved to PDS/SORCERER
2023-04-03 00:19:24.324054 - Found SPPR.txt (text/plain) in CBT.V504.FILE445.PDS, moved to PDS/SPPR
2023-04-03 00:19:24.325144 - Found SS.txt (text/plain) in CBT.V504.FILE445.PDS, moved to PDS/SS
2023-04-03 00:19:24.326123 - Found SYM.txt (text/plain) in CBT.V504.FILE445.PDS, moved to PDS/SYM
2023-04-03 00:19:24.327200 - Found TEST.txt (text/plain) in CBT.V504.FILE445.PDS, moved to PDS/TEST
2023-04-03 00:19:24.328196 - Found TESTRI.txt (text/plain) in CBT.V504.FILE445.PDS, moved to PDS/TESTRI
2023-04-03 00:19:24.329322 - Found TEST2.txt (text/plain) in CBT.V504.FILE445.PDS, moved to PDS/TEST2
2023-04-03 00:19:24.331180 - Found TEST3.txt (text/plain) in CBT.V504.FILE445.PDS, moved to PDS/TEST3
2023-04-03 00:19:24.332140 - Found TEST4.txt (text/plain) in CBT.V504.FILE445.PDS, moved to PDS/TEST4
2023-04-03 00:19:24.333153 - Found TEST4A.txt (text/plain) in CBT.V504.FILE445.PDS, moved to PDS/TEST4A
2023-04-03 00:19:24.334085 - Found TEST4B.txt (text/plain) in CBT.V504.FILE445.PDS, moved to PDS/TEST4B
2023-04-03 00:19:24.335166 - Found TEST5.txt (text/plain) in CBT.V504.FILE445.PDS, moved to PDS/TEST5
2023-04-03 00:19:24.336237 - Found TEST5B.txt (text/plain) in CBT.V504.FILE445.PDS, moved to PDS/TEST5B
2023-04-03 00:19:24.337450 - Found TEST6.txt (text/plain) in CBT.V504.FILE445.PDS, moved to PDS/TEST6
2023-04-03 00:19:24.338522 - Found TEST7.txt (text/plain) in CBT.V504.FILE445.PDS, moved to PDS/TEST7
2023-04-03 00:19:24.339512 - Found TEST8.txt (text/plain) in CBT.V504.FILE445.PDS, moved to PDS/TEST8
2023-04-03 00:19:24.340612 - Found TEST8B.txt (text/plain) in CBT.V504.FILE445.PDS, moved to PDS/TEST8B
2023-04-03 00:19:24.341555 - Found TEST9.txt (text/plain) in CBT.V504.FILE445.PDS, moved to PDS/TEST9
2023-04-03 00:19:24.342499 - Found TEST9B.txt (text/plain) in CBT.V504.FILE445.PDS, moved to PDS/TEST9B
2023-04-03 00:19:24.343556 - Found TIME.txt (text/plain) in CBT.V504.FILE445.PDS, moved to PDS/TIME
2023-04-03 00:19:24.344628 - Found TXT.txt (text/plain) in CBT.V504.FILE445.PDS, moved to PDS/TXT
2023-04-03 00:19:24.345514 - Found TXTHDR.txt (text/plain) in CBT.V504.FILE445.PDS, moved to PDS/TXTHDR
2023-04-03 00:19:24.346590 - Found USING.txt (text/plain) in CBT.V504.FILE445.PDS, moved to PDS/USING
